
         ,--.
       ,--.'|
   ,--,:  : |                                           Nacos 1.3.2
,`--.'`|  ' :                       ,---.               Running in stand alone mode, All function modules
|   :  :  | |                      '   ,'\   .--.--.    Port: 8848
:   |   \ | :  ,--.--.     ,---.  /   /   | /  /    '   Pid: 24
|   : '  '; | /       \   /     \.   ; ,. :|  :  /`./   Console: http://7d250a9f1abb:8848/nacos/index.html
'   ' ;.    ;.--.  .-. | /    / ''   | |: :|  :  ;_
|   | | \   | \__\/: . ..    ' / '   | .; : \  \    `.      https://nacos.io
'   : |  ; .' ," .--.; |'   ; :__|   :    |  `----.   \
|   | '`--'  /  /  ,.  |'   | '.'|\   \  /  /  /`--'  /
'   : |     ;  :   .'   \   :    : `----'  '--'.     /
;   |.'     |  ,     .-./\   \  /            `--'---'
'---'        `--`---'     `----'

2020-09-16 23:19:53,009 INFO Bean 'org.springframework.security.config.annotation.configuration.ObjectPostProcessorConfiguration' of type [org.springframework.security.config.annotation.configuration.ObjectPostProcessorConfiguration$$EnhancerBySpringCGLIB$$81652b33] is not eligible for getting processed by all BeanPostProcessors (for example: not eligible for auto-proxying)

2020-09-16 23:19:53,241 INFO Bean 'objectPostProcessor' of type [org.springframework.security.config.annotation.configuration.AutowireBeanFactoryObjectPostProcessor] is not eligible for getting processed by all BeanPostProcessors (for example: not eligible for auto-proxying)

2020-09-16 23:19:53,250 INFO Bean 'org.springframework.security.access.expression.method.DefaultMethodSecurityExpressionHandler@1a72a540' of type [org.springframework.security.access.expression.method.DefaultMethodSecurityExpressionHandler] is not eligible for getting processed by all BeanPostProcessors (for example: not eligible for auto-proxying)

2020-09-16 23:19:53,254 INFO Bean 'org.springframework.security.config.annotation.method.configuration.GlobalMethodSecurityConfiguration' of type [org.springframework.security.config.annotation.method.configuration.GlobalMethodSecurityConfiguration$$EnhancerBySpringCGLIB$$a639cde5] is not eligible for getting processed by all BeanPostProcessors (for example: not eligible for auto-proxying)

2020-09-16 23:19:53,263 INFO Bean 'methodSecurityMetadataSource' of type [org.springframework.security.access.method.DelegatingMethodSecurityMetadataSource] is not eligible for getting processed by all BeanPostProcessors (for example: not eligible for auto-proxying)

2020-09-16 23:19:54,334 INFO Tomcat initialized with port(s): 8848 (http)

2020-09-16 23:19:54,680 INFO Root WebApplicationContext: initialization completed in 8166 ms

2020-09-16 23:19:59,145 INFO Initializing ExecutorService 'applicationTaskExecutor'

2020-09-16 23:19:59,498 INFO Adding welcome page: class path resource [static/index.html]

2020-09-16 23:20:00,572 INFO Creating filter chain: Ant [pattern='/**'], []

2020-09-16 23:20:00,666 INFO Creating filter chain: any request, [org.springframework.security.web.context.request.async.WebAsyncManagerIntegrationFilter@1950e8a6, org.springframework.security.web.context.SecurityContextPersistenceFilter@3bffddff, org.springframework.security.web.header.HeaderWriterFilter@299266e2, org.springframework.security.web.csrf.CsrfFilter@5dcbb60, org.springframework.security.web.authentication.logout.LogoutFilter@56e07a08, org.springframework.security.web.savedrequest.RequestCacheAwareFilter@50687efb, org.springframework.security.web.servletapi.SecurityContextHolderAwareRequestFilter@4a9cc6cb, org.springframework.security.web.authentication.AnonymousAuthenticationFilter@47289387, org.springframework.security.web.session.SessionManagementFilter@66ea1466, org.springframework.security.web.access.ExceptionTranslationFilter@21526f6c]

2020-09-16 23:20:00,916 INFO Exposing 16 endpoint(s) beneath base path '/actuator'

2020-09-16 23:20:00,967 INFO Initializing ExecutorService 'taskScheduler'

2020-09-16 23:20:01,437 INFO Tomcat started on port(s): 8848 (http) with context path '/nacos'

2020-09-16 23:20:01,450 INFO Nacos Log files: /home/nacos/logs

2020-09-16 23:20:01,459 INFO Nacos Log files: /home/nacos/conf

2020-09-16 23:20:01,460 INFO Nacos Log files: /home/nacos/data

2020-09-16 23:20:01,461 INFO Nacos started successfully in stand alone mode. use external storage

2020-09-16 23:20:58,956 INFO Initializing Servlet 'dispatcherServlet'

2020-09-16 23:20:58,982 INFO Completed initialization in 24 ms

